Determining if the pthread_create exist failed with the following output:
Change Dir: /home/ubuntu/catkin_ws/build/CMakeFiles/CMakeTmp

Run Build Command:"/usr/bin/make" "cmTC_7cf7c/fast"
/usr/bin/make -f CMakeFiles/cmTC_7cf7c.dir/build.make CMakeFiles/cmTC_7cf7c.dir/build
make[1]: Entering directory '/home/ubuntu/catkin_ws/build/CMakeFiles/CMakeTmp'
Building C object CMakeFiles/cmTC_7cf7c.dir/CheckSymbolExists.c.o
/usr/bin/cc     -o CMakeFiles/cmTC_7cf7c.dir/CheckSymbolExists.c.o   -c /home/ubuntu/catkin_ws/build/CMakeFiles/CMakeTmp/CheckSymbolExists.c
Linking C executable cmTC_7cf7c
/usr/bin/cmake -E cmake_link_script CMakeFiles/cmTC_7cf7c.dir/link.txt --verbose=1
/usr/bin/cc       CMakeFiles/cmTC_7cf7c.dir/CheckSymbolExists.c.o  -o cmTC_7cf7c -rdynamic 
CMakeFiles/cmTC_7cf7c.dir/CheckSymbolExists.c.o: In function `main':
CheckSymbolExists.c:(.text+0xe): undefined reference to `pthread_create'
CheckSymbolExists.c:(.text+0x12): undefined reference to `pthread_create'
collect2: error: ld returned 1 exit status
CMakeFiles/cmTC_7cf7c.dir/build.make:97: recipe for target 'cmTC_7cf7c' failed
make[1]: *** [cmTC_7cf7c] Error 1
make[1]: Leaving directory '/home/ubuntu/catkin_ws/build/CMakeFiles/CMakeTmp'
Makefile:126: recipe for target 'cmTC_7cf7c/fast' failed
make: *** [cmTC_7cf7c/fast] Error 2

File /home/ubuntu/catkin_ws/build/CMakeFiles/CMakeTmp/CheckSymbolExists.c:
/* */
#include <pthread.h>

int main(int argc, char** argv)
{
  (void)argv;
#ifndef pthread_create
  return ((int*)(&pthread_create))[argc];
#else
  (void)argc;
  return 0;
#endif
}

Determining if the function pthread_create exists in the pthreads failed with the following output:
Change Dir: /home/ubuntu/catkin_ws/build/CMakeFiles/CMakeTmp

Run Build Command:"/usr/bin/make" "cmTC_036a7/fast"
/usr/bin/make -f CMakeFiles/cmTC_036a7.dir/build.make CMakeFiles/cmTC_036a7.dir/build
make[1]: Entering directory '/home/ubuntu/catkin_ws/build/CMakeFiles/CMakeTmp'
Building C object CMakeFiles/cmTC_036a7.dir/CheckFunctionExists.c.o
/usr/bin/cc    -DCHECK_FUNCTION_EXISTS=pthread_create   -o CMakeFiles/cmTC_036a7.dir/CheckFunctionExists.c.o   -c /usr/share/cmake-3.5/Modules/CheckFunctionExists.c
Linking C executable cmTC_036a7
/usr/bin/cmake -E cmake_link_script CMakeFiles/cmTC_036a7.dir/link.txt --verbose=1
/usr/bin/cc   -DCHECK_FUNCTION_EXISTS=pthread_create    CMakeFiles/cmTC_036a7.dir/CheckFunctionExists.c.o  -o cmTC_036a7 -rdynamic -lpthreads 
/usr/bin/ld: cannot find -lpthreads
collect2: error: ld returned 1 exit status
CMakeFiles/cmTC_036a7.dir/build.make:97: recipe for target 'cmTC_036a7' failed
make[1]: *** [cmTC_036a7] Error 1
make[1]: Leaving directory '/home/ubuntu/catkin_ws/build/CMakeFiles/CMakeTmp'
Makefile:126: recipe for target 'cmTC_036a7/fast' failed
make: *** [cmTC_036a7/fast] Error 2


Determining if the Q_WS_WIN exist failed with the following output:
Change Dir: /home/ubuntu/catkin_ws/build/CMakeFiles/CMakeTmp

Run Build Command:"/usr/bin/make" "cmTC_fc3f9/fast"
make[1]: Entering directory '/home/ubuntu/catkin_ws/build/CMakeFiles/CMakeTmp'
/usr/bin/make -f CMakeFiles/cmTC_fc3f9.dir/build.make CMakeFiles/cmTC_fc3f9.dir/build
make[2]: Entering directory '/home/ubuntu/catkin_ws/build/CMakeFiles/CMakeTmp'
Building CXX object CMakeFiles/cmTC_fc3f9.dir/CheckSymbolExists.cxx.o
/usr/bin/c++    -I/usr/include/qt4   -o CMakeFiles/cmTC_fc3f9.dir/CheckSymbolExists.cxx.o -c /home/ubuntu/catkin_ws/build/CMakeFiles/CMakeTmp/CheckSymbolExists.cxx
/home/ubuntu/catkin_ws/build/CMakeFiles/CMakeTmp/CheckSymbolExists.cxx: In function 'int main(int, char**)':
/home/ubuntu/catkin_ws/build/CMakeFiles/CMakeTmp/CheckSymbolExists.cxx:8:19: error: 'Q_WS_WIN' was not declared in this scope
   return ((int*)(&Q_WS_WIN))[argc];
                   ^
CMakeFiles/cmTC_fc3f9.dir/build.make:65: recipe for target 'CMakeFiles/cmTC_fc3f9.dir/CheckSymbolExists.cxx.o' failed
make[2]: *** [CMakeFiles/cmTC_fc3f9.dir/CheckSymbolExists.cxx.o] Error 1
make[2]: Leaving directory '/home/ubuntu/catkin_ws/build/CMakeFiles/CMakeTmp'
Makefile:126: recipe for target 'cmTC_fc3f9/fast' failed
make[1]: *** [cmTC_fc3f9/fast] Error 2
make[1]: Leaving directory '/home/ubuntu/catkin_ws/build/CMakeFiles/CMakeTmp'

File /home/ubuntu/catkin_ws/build/CMakeFiles/CMakeTmp/CheckSymbolExists.cxx:
/* */
#include <QtCore/qglobal.h>

int main(int argc, char** argv)
{
  (void)argv;
#ifndef Q_WS_WIN
  return ((int*)(&Q_WS_WIN))[argc];
#else
  (void)argc;
  return 0;
#endif
}

Determining if the Q_WS_QWS exist failed with the following output:
Change Dir: /home/ubuntu/catkin_ws/build/CMakeFiles/CMakeTmp

Run Build Command:"/usr/bin/make" "cmTC_2e33d/fast"
make[1]: Entering directory '/home/ubuntu/catkin_ws/build/CMakeFiles/CMakeTmp'
/usr/bin/make -f CMakeFiles/cmTC_2e33d.dir/build.make CMakeFiles/cmTC_2e33d.dir/build
make[2]: Entering directory '/home/ubuntu/catkin_ws/build/CMakeFiles/CMakeTmp'
Building CXX object CMakeFiles/cmTC_2e33d.dir/CheckSymbolExists.cxx.o
/usr/bin/c++    -I/usr/include/qt4   -o CMakeFiles/cmTC_2e33d.dir/CheckSymbolExists.cxx.o -c /home/ubuntu/catkin_ws/build/CMakeFiles/CMakeTmp/CheckSymbolExists.cxx
/home/ubuntu/catkin_ws/build/CMakeFiles/CMakeTmp/CheckSymbolExists.cxx: In function 'int main(int, char**)':
/home/ubuntu/catkin_ws/build/CMakeFiles/CMakeTmp/CheckSymbolExists.cxx:8:19: error: 'Q_WS_QWS' was not declared in this scope
   return ((int*)(&Q_WS_QWS))[argc];
                   ^
CMakeFiles/cmTC_2e33d.dir/build.make:65: recipe for target 'CMakeFiles/cmTC_2e33d.dir/CheckSymbolExists.cxx.o' failed
make[2]: *** [CMakeFiles/cmTC_2e33d.dir/CheckSymbolExists.cxx.o] Error 1
make[2]: Leaving directory '/home/ubuntu/catkin_ws/build/CMakeFiles/CMakeTmp'
Makefile:126: recipe for target 'cmTC_2e33d/fast' failed
make[1]: *** [cmTC_2e33d/fast] Error 2
make[1]: Leaving directory '/home/ubuntu/catkin_ws/build/CMakeFiles/CMakeTmp'

File /home/ubuntu/catkin_ws/build/CMakeFiles/CMakeTmp/CheckSymbolExists.cxx:
/* */
#include <QtCore/qglobal.h>

int main(int argc, char** argv)
{
  (void)argv;
#ifndef Q_WS_QWS
  return ((int*)(&Q_WS_QWS))[argc];
#else
  (void)argc;
  return 0;
#endif
}

Determining if the Q_WS_MAC exist failed with the following output:
Change Dir: /home/ubuntu/catkin_ws/build/CMakeFiles/CMakeTmp

Run Build Command:"/usr/bin/make" "cmTC_7645f/fast"
make[1]: Entering directory '/home/ubuntu/catkin_ws/build/CMakeFiles/CMakeTmp'
/usr/bin/make -f CMakeFiles/cmTC_7645f.dir/build.make CMakeFiles/cmTC_7645f.dir/build
make[2]: Entering directory '/home/ubuntu/catkin_ws/build/CMakeFiles/CMakeTmp'
Building CXX object CMakeFiles/cmTC_7645f.dir/CheckSymbolExists.cxx.o
/usr/bin/c++    -I/usr/include/qt4   -o CMakeFiles/cmTC_7645f.dir/CheckSymbolExists.cxx.o -c /home/ubuntu/catkin_ws/build/CMakeFiles/CMakeTmp/CheckSymbolExists.cxx
/home/ubuntu/catkin_ws/build/CMakeFiles/CMakeTmp/CheckSymbolExists.cxx: In function 'int main(int, char**)':
/home/ubuntu/catkin_ws/build/CMakeFiles/CMakeTmp/CheckSymbolExists.cxx:8:19: error: 'Q_WS_MAC' was not declared in this scope
   return ((int*)(&Q_WS_MAC))[argc];
                   ^
CMakeFiles/cmTC_7645f.dir/build.make:65: recipe for target 'CMakeFiles/cmTC_7645f.dir/CheckSymbolExists.cxx.o' failed
make[2]: *** [CMakeFiles/cmTC_7645f.dir/CheckSymbolExists.cxx.o] Error 1
make[2]: Leaving directory '/home/ubuntu/catkin_ws/build/CMakeFiles/CMakeTmp'
Makefile:126: recipe for target 'cmTC_7645f/fast' failed
make[1]: *** [cmTC_7645f/fast] Error 2
make[1]: Leaving directory '/home/ubuntu/catkin_ws/build/CMakeFiles/CMakeTmp'

File /home/ubuntu/catkin_ws/build/CMakeFiles/CMakeTmp/CheckSymbolExists.cxx:
/* */
#include <QtCore/qglobal.h>

int main(int argc, char** argv)
{
  (void)argv;
#ifndef Q_WS_MAC
  return ((int*)(&Q_WS_MAC))[argc];
#else
  (void)argc;
  return 0;
#endif
}

